  test.c
test.obj : error LNK2019: 无法解析的外部符号 _my_strcpy，函数 _main 中引用了该符号
G:\学习资料\C程序设计\练习代码\test_7_20\Debug\test_7_20.exe : fatal error LNK1120: 1 个无法解析的外部命令
